[{"keyword":"Feature","type":"feature","description":"  As a Facebook user\n  I want to login to my account\n  So that I can access my Facebook homepage","line":1,"name":"Facebook Login Page","uri":"/Users/haniapn/Documents/Belajar QA Engineer/login-facebook-automation/features/login.feature","tags":[],"elements":[{"keyword":"Scenario","type":"scenario","description":"","name":"Successful login with valid credentials","tags":[],"id":"facebook-login-pagesuccessful-login-with-valid-credentials","steps":[{"arguments":[],"keyword":"Before","name":"","result":{"status":"passed","duration":1000000},"line":null,"match":{"location":"can not be determined with webdriver.io"}},{"arguments":[],"keyword":"Given","name":"I am on the Facebook login page","result":{"status":"failed","duration":3000000,"error_message":"TypeError: _loginPage.default.open is not a function\n    at World.<anonymous> (steps.js:5:21)\n    at Object.run (/Users/haniapn/Documents/Belajar QA Engineer/login-facebook-automation/node_modules/@cucumber/cucumber/src/user_code_runner.ts:37:21)\n    at Object.run (/Users/haniapn/Documents/Belajar QA Engineer/login-facebook-automation/node_modules/@cucumber/cucumber/src/runtime/step_runner.ts:50:41)\n    at processTicksAndRejections (node:internal/process/task_queues:95:5)\n    at async TestCaseRunner.invokeStep (/Users/haniapn/Documents/Belajar QA Engineer/login-facebook-automation/node_modules/@cucumber/cucumber/src/runtime/test_case_runner.ts:137:12)\n    at async TestCaseRunner.runStep (/Users/haniapn/Documents/Belajar QA Engineer/login-facebook-automation/node_modules/@cucumber/cucumber/src/runtime/test_case_runner.ts:334:20)\n    at async /Users/haniapn/Documents/Belajar QA Engineer/login-facebook-automation/node_modules/@cucumber/cucumber/src/runtime/test_case_runner.ts:240:34\n    at async TestCaseRunner.aroundTestStep (/Users/haniapn/Documents/Belajar QA Engineer/login-facebook-automation/node_modules/@cucumber/cucumber/src/runtime/test_case_runner.ts:170:28)\n    at async TestCaseRunner.runAttempt (/Users/haniapn/Documents/Belajar QA Engineer/login-facebook-automation/node_modules/@cucumber/cucumber/src/runtime/test_case_runner.ts:218:7)\n    at async TestCaseRunner.run (/Users/haniapn/Documents/Belajar QA Engineer/login-facebook-automation/node_modules/@cucumber/cucumber/src/runtime/test_case_runner.ts:188:29)\n    at async Runtime.runTestCase (/Users/haniapn/Documents/Belajar QA Engineer/login-facebook-automation/node_modules/@cucumber/cucumber/src/runtime/index.ts:89:20)\n    at async Runtime.start (/Users/haniapn/Documents/Belajar QA Engineer/login-facebook-automation/node_modules/@cucumber/cucumber/src/runtime/index.ts:116:7)\n    at async runCucumber (/Users/haniapn/Documents/Belajar QA Engineer/login-facebook-automation/node_modules/@cucumber/cucumber/src/api/run_cucumber.ts:125:19)\n    at async CucumberAdapter.run (file:///Users/haniapn/Documents/Belajar%20QA%20Engineer/login-facebook-automation/node_modules/@wdio/cucumber-framework/build/index.js:188:33)\n    at async Runner.run (file:///Users/haniapn/Documents/Belajar%20QA%20Engineer/login-facebook-automation/node_modules/@wdio/runner/build/index.js:157:24)"},"line":null,"match":{"location":"can not be determined with webdriver.io"}},{"arguments":[],"keyword":"When","name":"I enter a valid email \"<username>\" and password \"FbHania11\"","result":{"status":"skipped","duration":0},"line":null,"match":{"location":"can not be determined with webdriver.io"}},{"arguments":[],"keyword":"And","name":"I click on the \"Log In\" button","result":{"status":"failed","duration":0,"error_message":"Step \"I click on the \"Log In\" button\" is not defined. You can ignore this error by setting cucumberOpts.ignoreUndefinedDefinitions as true.\n\tat Feature(/Users/haniapn/Documents/Belajar QA Engineer/login-facebook-automation/features/login.feature):1:1\n\tat Scenario(Successful login with valid credentials):9:3\n\tat Step(I click on the \"Log In\" button):11:5\n"},"line":null,"match":{"location":"can not be determined with webdriver.io"}},{"arguments":[],"keyword":"Then","name":"I should be redirected to my Facebook homepage","result":{"status":"skipped","duration":0},"line":null,"match":{"location":"can not be determined with webdriver.io"}},{"arguments":[],"keyword":"After","name":"","result":{"status":"passed","duration":1000000},"line":null,"match":{"location":"can not be determined with webdriver.io"}}]},{"keyword":"Scenario","type":"scenario","description":"","name":"Unsuccessful login with invalid password","tags":[],"id":"facebook-login-pageunsuccessful-login-with-invalid-password","steps":[{"arguments":[],"keyword":"Before","name":"","result":{"status":"passed","duration":0},"line":null,"match":{"location":"can not be determined with webdriver.io"}},{"arguments":[],"keyword":"Given","name":"I am on the Facebook login page","result":{"status":"failed","duration":3000000,"error_message":"TypeError: _loginPage.default.open is not a function\n    at World.<anonymous> (steps.js:5:21)\n    at Object.run (/Users/haniapn/Documents/Belajar QA Engineer/login-facebook-automation/node_modules/@cucumber/cucumber/src/user_code_runner.ts:37:21)\n    at Object.run (/Users/haniapn/Documents/Belajar QA Engineer/login-facebook-automation/node_modules/@cucumber/cucumber/src/runtime/step_runner.ts:50:41)\n    at processTicksAndRejections (node:internal/process/task_queues:95:5)\n    at async TestCaseRunner.invokeStep (/Users/haniapn/Documents/Belajar QA Engineer/login-facebook-automation/node_modules/@cucumber/cucumber/src/runtime/test_case_runner.ts:137:12)\n    at async TestCaseRunner.runStep (/Users/haniapn/Documents/Belajar QA Engineer/login-facebook-automation/node_modules/@cucumber/cucumber/src/runtime/test_case_runner.ts:334:20)\n    at async /Users/haniapn/Documents/Belajar QA Engineer/login-facebook-automation/node_modules/@cucumber/cucumber/src/runtime/test_case_runner.ts:240:34\n    at async TestCaseRunner.aroundTestStep (/Users/haniapn/Documents/Belajar QA Engineer/login-facebook-automation/node_modules/@cucumber/cucumber/src/runtime/test_case_runner.ts:170:28)\n    at async TestCaseRunner.runAttempt (/Users/haniapn/Documents/Belajar QA Engineer/login-facebook-automation/node_modules/@cucumber/cucumber/src/runtime/test_case_runner.ts:218:7)\n    at async TestCaseRunner.run (/Users/haniapn/Documents/Belajar QA Engineer/login-facebook-automation/node_modules/@cucumber/cucumber/src/runtime/test_case_runner.ts:188:29)\n    at async Runtime.runTestCase (/Users/haniapn/Documents/Belajar QA Engineer/login-facebook-automation/node_modules/@cucumber/cucumber/src/runtime/index.ts:89:20)\n    at async Runtime.start (/Users/haniapn/Documents/Belajar QA Engineer/login-facebook-automation/node_modules/@cucumber/cucumber/src/runtime/index.ts:116:7)\n    at async runCucumber (/Users/haniapn/Documents/Belajar QA Engineer/login-facebook-automation/node_modules/@cucumber/cucumber/src/api/run_cucumber.ts:125:19)\n    at async CucumberAdapter.run (file:///Users/haniapn/Documents/Belajar%20QA%20Engineer/login-facebook-automation/node_modules/@wdio/cucumber-framework/build/index.js:188:33)\n    at async Runner.run (file:///Users/haniapn/Documents/Belajar%20QA%20Engineer/login-facebook-automation/node_modules/@wdio/runner/build/index.js:157:24)"},"line":null,"match":{"location":"can not be determined with webdriver.io"}},{"arguments":[],"keyword":"When","name":"I enter a valid email \"<username>\" and password \"FbHania10\"","result":{"status":"skipped","duration":0},"line":null,"match":{"location":"can not be determined with webdriver.io"}},{"arguments":[],"keyword":"And","name":"I click on the \"Log In\" button","result":{"status":"failed","duration":0,"error_message":"Step \"I click on the \"Log In\" button\" is not defined. You can ignore this error by setting cucumberOpts.ignoreUndefinedDefinitions as true.\n\tat Feature(/Users/haniapn/Documents/Belajar QA Engineer/login-facebook-automation/features/login.feature):1:1\n\tat Scenario(Unsuccessful login with invalid password):18:3\n\tat Step(I click on the \"Log In\" button):20:5\n"},"line":null,"match":{"location":"can not be determined with webdriver.io"}},{"arguments":[],"keyword":"Then","name":"I should see an error message \"The password that you've entered is incorrect.\"","result":{"status":"failed","duration":0,"error_message":"Step \"I should see an error message \"The password that you've entered is incorrect.\"\" is not defined. You can ignore this error by setting cucumberOpts.ignoreUndefinedDefinitions as true.\n\tat Feature(/Users/haniapn/Documents/Belajar QA Engineer/login-facebook-automation/features/login.feature):1:1\n\tat Scenario(Unsuccessful login with invalid password):18:3\n\tat Step(I should see an error message \"<error_message>\"):21:5\n"},"line":null,"match":{"location":"can not be determined with webdriver.io"}},{"arguments":[],"keyword":"After","name":"","result":{"status":"passed","duration":0},"line":null,"match":{"location":"can not be determined with webdriver.io"}}]},{"keyword":"Scenario","type":"scenario","description":"","name":"Unsuccessful login with invalid email","tags":[],"id":"facebook-login-pageunsuccessful-login-with-invalid-email","steps":[{"arguments":[],"keyword":"Before","name":"","result":{"status":"passed","duration":0},"line":null,"match":{"location":"can not be determined with webdriver.io"}},{"arguments":[],"keyword":"Given","name":"I am on the Facebook login page","result":{"status":"failed","duration":4000000,"error_message":"TypeError: _loginPage.default.open is not a function\n    at World.<anonymous> (steps.js:5:21)\n    at Object.run (/Users/haniapn/Documents/Belajar QA Engineer/login-facebook-automation/node_modules/@cucumber/cucumber/src/user_code_runner.ts:37:21)\n    at Object.run (/Users/haniapn/Documents/Belajar QA Engineer/login-facebook-automation/node_modules/@cucumber/cucumber/src/runtime/step_runner.ts:50:41)\n    at processTicksAndRejections (node:internal/process/task_queues:95:5)\n    at async TestCaseRunner.invokeStep (/Users/haniapn/Documents/Belajar QA Engineer/login-facebook-automation/node_modules/@cucumber/cucumber/src/runtime/test_case_runner.ts:137:12)\n    at async TestCaseRunner.runStep (/Users/haniapn/Documents/Belajar QA Engineer/login-facebook-automation/node_modules/@cucumber/cucumber/src/runtime/test_case_runner.ts:334:20)\n    at async /Users/haniapn/Documents/Belajar QA Engineer/login-facebook-automation/node_modules/@cucumber/cucumber/src/runtime/test_case_runner.ts:240:34\n    at async TestCaseRunner.aroundTestStep (/Users/haniapn/Documents/Belajar QA Engineer/login-facebook-automation/node_modules/@cucumber/cucumber/src/runtime/test_case_runner.ts:170:28)\n    at async TestCaseRunner.runAttempt (/Users/haniapn/Documents/Belajar QA Engineer/login-facebook-automation/node_modules/@cucumber/cucumber/src/runtime/test_case_runner.ts:218:7)\n    at async TestCaseRunner.run (/Users/haniapn/Documents/Belajar QA Engineer/login-facebook-automation/node_modules/@cucumber/cucumber/src/runtime/test_case_runner.ts:188:29)\n    at async Runtime.runTestCase (/Users/haniapn/Documents/Belajar QA Engineer/login-facebook-automation/node_modules/@cucumber/cucumber/src/runtime/index.ts:89:20)\n    at async Runtime.start (/Users/haniapn/Documents/Belajar QA Engineer/login-facebook-automation/node_modules/@cucumber/cucumber/src/runtime/index.ts:116:7)\n    at async runCucumber (/Users/haniapn/Documents/Belajar QA Engineer/login-facebook-automation/node_modules/@cucumber/cucumber/src/api/run_cucumber.ts:125:19)\n    at async CucumberAdapter.run (file:///Users/haniapn/Documents/Belajar%20QA%20Engineer/login-facebook-automation/node_modules/@wdio/cucumber-framework/build/index.js:188:33)\n    at async Runner.run (file:///Users/haniapn/Documents/Belajar%20QA%20Engineer/login-facebook-automation/node_modules/@wdio/runner/build/index.js:157:24)"},"line":null,"match":{"location":"can not be determined with webdriver.io"}},{"arguments":[],"keyword":"When","name":"I enter an invalid email \"<username>\" and password \"FbHania11\"","result":{"status":"failed","duration":0,"error_message":"Step \"I enter an invalid email \"<username>\" and password \"FbHania11\"\" is not defined. You can ignore this error by setting cucumberOpts.ignoreUndefinedDefinitions as true.\n\tat Feature(/Users/haniapn/Documents/Belajar QA Engineer/login-facebook-automation/features/login.feature):1:1\n\tat Scenario(Unsuccessful login with invalid email):27:3\n\tat Step(I enter an invalid email \"<username>\" and password \"<password>\"):28:5\n"},"line":null,"match":{"location":"can not be determined with webdriver.io"}},{"arguments":[],"keyword":"And","name":"I click on the \"Log In\" button","result":{"status":"failed","duration":1000000,"error_message":"Step \"I click on the \"Log In\" button\" is not defined. You can ignore this error by setting cucumberOpts.ignoreUndefinedDefinitions as true.\n\tat Feature(/Users/haniapn/Documents/Belajar QA Engineer/login-facebook-automation/features/login.feature):1:1\n\tat Scenario(Unsuccessful login with invalid email):27:3\n\tat Step(I click on the \"Log In\" button):29:5\n"},"line":null,"match":{"location":"can not be determined with webdriver.io"}},{"arguments":[],"keyword":"Then","name":"I should see an error message \"The email address you entered isn't connected to an account.\"","result":{"status":"failed","duration":0,"error_message":"Step \"I should see an error message \"The email address you entered isn't connected to an account.\"\" is not defined. You can ignore this error by setting cucumberOpts.ignoreUndefinedDefinitions as true.\n\tat Feature(/Users/haniapn/Documents/Belajar QA Engineer/login-facebook-automation/features/login.feature):1:1\n\tat Scenario(Unsuccessful login with invalid email):27:3\n\tat Step(I should see an error message \"<error_message>\"):30:5\n"},"line":null,"match":{"location":"can not be determined with webdriver.io"}},{"arguments":[],"keyword":"After","name":"","result":{"status":"passed","duration":1000000},"line":null,"match":{"location":"can not be determined with webdriver.io"}}]},{"keyword":"Scenario","type":"scenario","description":"","name":"Unsuccessful login with empty credentials","tags":[],"id":"facebook-login-pageunsuccessful-login-with-empty-credentials","steps":[{"arguments":[],"keyword":"Before","name":"","result":{"status":"passed","duration":1000000},"line":null,"match":{"location":"can not be determined with webdriver.io"}},{"arguments":[],"keyword":"Given","name":"I am on the Facebook login page","result":{"status":"failed","duration":4000000,"error_message":"TypeError: _loginPage.default.open is not a function\n    at World.<anonymous> (steps.js:5:21)\n    at Object.run (/Users/haniapn/Documents/Belajar QA Engineer/login-facebook-automation/node_modules/@cucumber/cucumber/src/user_code_runner.ts:37:21)\n    at Object.run (/Users/haniapn/Documents/Belajar QA Engineer/login-facebook-automation/node_modules/@cucumber/cucumber/src/runtime/step_runner.ts:50:41)\n    at processTicksAndRejections (node:internal/process/task_queues:95:5)\n    at async TestCaseRunner.invokeStep (/Users/haniapn/Documents/Belajar QA Engineer/login-facebook-automation/node_modules/@cucumber/cucumber/src/runtime/test_case_runner.ts:137:12)\n    at async TestCaseRunner.runStep (/Users/haniapn/Documents/Belajar QA Engineer/login-facebook-automation/node_modules/@cucumber/cucumber/src/runtime/test_case_runner.ts:334:20)\n    at async /Users/haniapn/Documents/Belajar QA Engineer/login-facebook-automation/node_modules/@cucumber/cucumber/src/runtime/test_case_runner.ts:240:34\n    at async TestCaseRunner.aroundTestStep (/Users/haniapn/Documents/Belajar QA Engineer/login-facebook-automation/node_modules/@cucumber/cucumber/src/runtime/test_case_runner.ts:170:28)\n    at async TestCaseRunner.runAttempt (/Users/haniapn/Documents/Belajar QA Engineer/login-facebook-automation/node_modules/@cucumber/cucumber/src/runtime/test_case_runner.ts:218:7)\n    at async TestCaseRunner.run (/Users/haniapn/Documents/Belajar QA Engineer/login-facebook-automation/node_modules/@cucumber/cucumber/src/runtime/test_case_runner.ts:188:29)\n    at async Runtime.runTestCase (/Users/haniapn/Documents/Belajar QA Engineer/login-facebook-automation/node_modules/@cucumber/cucumber/src/runtime/index.ts:89:20)\n    at async Runtime.start (/Users/haniapn/Documents/Belajar QA Engineer/login-facebook-automation/node_modules/@cucumber/cucumber/src/runtime/index.ts:116:7)\n    at async runCucumber (/Users/haniapn/Documents/Belajar QA Engineer/login-facebook-automation/node_modules/@cucumber/cucumber/src/api/run_cucumber.ts:125:19)\n    at async CucumberAdapter.run (file:///Users/haniapn/Documents/Belajar%20QA%20Engineer/login-facebook-automation/node_modules/@wdio/cucumber-framework/build/index.js:188:33)\n    at async Runner.run (file:///Users/haniapn/Documents/Belajar%20QA%20Engineer/login-facebook-automation/node_modules/@wdio/runner/build/index.js:157:24)"},"line":null,"match":{"location":"can not be determined with webdriver.io"}},{"arguments":[],"keyword":"When","name":"I enter an invalid email \"<username>\" and password \"\"","result":{"status":"failed","duration":0,"error_message":"Step \"I enter an invalid email \"<username>\" and password \"\"\" is not defined. You can ignore this error by setting cucumberOpts.ignoreUndefinedDefinitions as true.\n\tat Feature(/Users/haniapn/Documents/Belajar QA Engineer/login-facebook-automation/features/login.feature):1:1\n\tat Scenario(Unsuccessful login with empty credentials):35:3\n\tat Step(I enter an invalid email \"<username>\" and password \"<password>\"):36:5\n"},"line":null,"match":{"location":"can not be determined with webdriver.io"}},{"arguments":[],"keyword":"And","name":"I click on the \"Log In\" button","result":{"status":"failed","duration":0,"error_message":"Step \"I click on the \"Log In\" button\" is not defined. You can ignore this error by setting cucumberOpts.ignoreUndefinedDefinitions as true.\n\tat Feature(/Users/haniapn/Documents/Belajar QA Engineer/login-facebook-automation/features/login.feature):1:1\n\tat Scenario(Unsuccessful login with empty credentials):35:3\n\tat Step(I click on the \"Log In\" button):37:5\n"},"line":null,"match":{"location":"can not be determined with webdriver.io"}},{"arguments":[],"keyword":"Then","name":"I should see an error message \"The email address or mobile number you entered isn't connected to an account.\"","result":{"status":"failed","duration":0,"error_message":"Step \"I should see an error message \"The email address or mobile number you entered isn't connected to an account.\"\" is not defined. You can ignore this error by setting cucumberOpts.ignoreUndefinedDefinitions as true.\n\tat Feature(/Users/haniapn/Documents/Belajar QA Engineer/login-facebook-automation/features/login.feature):1:1\n\tat Scenario(Unsuccessful login with empty credentials):35:3\n\tat Step(I should see an error message \"<error_message>\"):38:5\n"},"line":null,"match":{"location":"can not be determined with webdriver.io"}},{"arguments":[],"keyword":"After","name":"","result":{"status":"passed","duration":0},"line":null,"match":{"location":"can not be determined with webdriver.io"}}]}],"id":"facebook-login-page","metadata":{"browser":{"name":"chrome","version":"125.0.6422.113"},"device":"Device name not known","platform":{"name":"osx","version":"Version not known"}}}]
